<?xml version="1.0" encoding="UTF-8"?>
<!-- Generated by org.testng.reporters.JUnitReportReporter -->
<testsuite name="azuredemo1.demo1" tests="3" time="13.866" ignored="0" failures="0" timestamp="25 Nov 2021 11:43:46 GMT" skipped="0" hostname="Desktop-OBS-66" errors="0">
  <testcase name="b_Login" time="0.337" classname="azuredemo1.demo1"/>
  <testcase name="c_view_taxcode" time="6.441" classname="azuredemo1.demo1"/>
  <testcase name="d_logout" time="7.088" classname="azuredemo1.demo1"/>
</testsuite> <!-- azuredemo1.demo1 -->
